<?xml version="1.0" encoding="UTF-8"?>
<!-- Generated by org.testng.reporters.JUnitReportReporter -->
<testsuite hostname="DESKTOP-IBQ26Q4" failures="0" tests="1" name="Academy.validateTitleTest" time="7.218" errors="0" timestamp="2021-05-04T01:10:02 IST" skipped="0">
  <testcase classname="Academy.validateTitleTest" name="basePageNavigation" time="7.218"/>
  <system-out/>
</testsuite> <!-- Academy.validateTitleTest -->
