<?xml version="1.0" encoding="UTF-8"?>
<!-- Generated by org.testng.reporters.JUnitReportReporter -->
<testsuite hostname="DESKTOP-IBQ26Q4" failures="0" tests="2" name="Academy.homePageTest" time="7.430" errors="0" timestamp="2021-05-04T01:10:50 IST" skipped="0">
  <testcase classname="Academy.homePageTest" name="pageAccess" time="0.543"/>
  <system-out/>
  <testcase classname="Academy.homePageTest" name="basePageNavigation" time="6.887"/>
  <system-out/>
</testsuite> <!-- Academy.homePageTest -->
