<?xml version="1.0" encoding="UTF-8"?>
<!-- Generated by org.testng.reporters.JUnitReportReporter -->
<testsuite hostname="DESKTOP-IBQ26Q4" failures="0" tests="2" name="Academy.homePage" time="7.983" errors="0" timestamp="2021-05-04T00:49:34 IST" skipped="0">
  <testcase classname="Academy.homePage" name="basePageNavigation" time="7.099"/>
  <system-out/>
  <testcase classname="Academy.homePage" name="pageAccess" time="0.884"/>
  <system-out/>
</testsuite> <!-- Academy.homePage -->
