<?xml version="1.0" encoding="UTF-8"?>
<!-- Generated by org.testng.reporters.JUnitReportReporter -->
<testsuite hostname="DESKTOP-IBQ26Q4" failures="0" tests="1" name="Academy.validateTitle" time="7.354" errors="0" timestamp="2021-05-04T00:49:34 IST" skipped="0">
  <testcase classname="Academy.validateTitle" name="basePageNavigation" time="7.354"/>
  <system-out/>
</testsuite> <!-- Academy.validateTitle -->
